<?xml version="1.0" encoding="UTF-8"?>
<!-- Generated by org.testng.reporters.JUnitXMLReporter -->
<testsuite hostname="VHT-HO-LP-227" ignored="5" name="Preauth-Regression-TestCase APPROVE PA" tests="4" failures="0" timestamp="17 Jan 2020 04:31:25 GMT" time="680.126" errors="0">
  <testcase name="regularPreAuthGEDTest" time="416.862" classname="com.qa.vidalhealth.TestScripts.RegularPreAuthGEDTest"/>
  <testcase name="ManualPreAuthMedicalTest" time="40.693" classname="com.qa.vidalhealth.TestScripts.PreAuthMedicalTest"/>
  <testcase name="preauthTariffTest" time="46.79" classname="com.qa.vidalhealth.TestScripts.PreauthTariffTest"/>
  <testcase name="approve_PreauthAuthorisationTest" time="96.264" classname="com.qa.vidalhealth.TestScripts.PreauthAuthorisationTest"/>
  <testcase name="requiredInformation_PreauthAuthorisationTest" time="0.0" classname="com.qa.vidalhealth.TestScripts.PreauthAuthorisationTest">
    <ignored/>
  </testcase> <!-- requiredInformation_PreauthAuthorisationTest -->
  <testcase name="@AfterSuite autoReport_MailTrigger" time="0.0" classname="com.qa.vidalhealth.Base.TestBase">
    <ignored/>
  </testcase> <!-- @AfterSuite autoReport_MailTrigger -->
  <testcase name="@AfterSuite autoReport_MailTrigger" time="0.0" classname="com.qa.vidalhealth.Base.TestBase">
    <ignored/>
  </testcase> <!-- @AfterSuite autoReport_MailTrigger -->
  <testcase name="@AfterSuite autoReport_MailTrigger" time="0.0" classname="com.qa.vidalhealth.Base.TestBase">
    <ignored/>
  </testcase> <!-- @AfterSuite autoReport_MailTrigger -->
  <testcase name="reject_PreauthAuthorisationTest" time="0.0" classname="com.qa.vidalhealth.TestScripts.PreauthAuthorisationTest">
    <ignored/>
  </testcase> <!-- reject_PreauthAuthorisationTest -->
</testsuite> <!-- Preauth-Regression-TestCase APPROVE PA -->
