<?xml version="1.0" encoding="UTF-8"?>
<!-- Generated by org.testng.reporters.JUnitXMLReporter -->
<testsuite hostname="VHT-HO-LP-227" ignored="2" name="Preauth-Regression-TestCase PA APPROVED LETTER GENERATION" tests="1" failures="0" timestamp="17 Jan 2020 04:33:43 GMT" time="33.692" errors="0">
  <testcase name="preauth_Approve_StatusLetterGeneration" time="21.847" classname="com.qa.vidalhealth.TestScripts.PreauthStatusLetterGenerationTest"/>
  <testcase name="preauth_Cancel_StatusLetterGeneration" time="0.0" classname="com.qa.vidalhealth.TestScripts.PreauthStatusLetterGenerationTest">
    <ignored/>
  </testcase> <!-- preauth_Cancel_StatusLetterGeneration -->
  <testcase name="preauth_Rejection_StatusLetterGeneration" time="0.0" classname="com.qa.vidalhealth.TestScripts.PreauthStatusLetterGenerationTest">
    <ignored/>
  </testcase> <!-- preauth_Rejection_StatusLetterGeneration -->
</testsuite> <!-- Preauth-Regression-TestCase PA APPROVED LETTER GENERATION -->
