<?xml version="1.0" encoding="UTF-8"?>
<!-- Generated by org.testng.reporters.JUnitXMLReporter -->
<testsuite hostname="VHT-HO-LP-227" ignored="1" name="Preauth-Regression-TestCase PA Shortfall" tests="7" failures="2" timestamp="17 Jan 2020 09:57:19 GMT" time="18999.857" errors="0">
  <testcase name="@BeforeMethod initialization" time="10.927" classname="com.qa.vidalhealth.Base.TestBase">
    <failure type="org.openqa.selenium.SessionNotCreatedException" message="session not created
from disconnected: received Inspector.detached event
  (Session info: chrome=79.0.3945.130)
Build info: version: &amp;apos;3.141.59&amp;apos;, revision: &amp;apos;e82be7d358&amp;apos;, time: &amp;apos;2018-11-14T08:17:03&amp;apos;
System info: host: &amp;apos;VHT-HO-LP-227&amp;apos;, ip: &amp;apos;10.1.2.44&amp;apos;, os.name: &amp;apos;Windows 10&amp;apos;, os.arch: &amp;apos;amd64&amp;apos;, os.version: &amp;apos;10.0&amp;apos;, java.version: &amp;apos;1.8.0_171&amp;apos;
Driver info: driver.version: ChromeDriver
remote stacktrace: Backtrace:
	Ordinal0 [0x00B5A113+1548563]
	Ordinal0 [0x00ADDDA1+1039777]
	Ordinal0 [0x00A5E485+517253]
	Ordinal0 [0x00A570CB+487627]
	Ordinal0 [0x00A56CE9+486633]
	Ordinal0 [0x00A565E8+484840]
	Ordinal0 [0x00A55D33+482611]
	Ordinal0 [0x00A55E75+482933]
	Ordinal0 [0x00A559B5+481717]
	Ordinal0 [0x00A5A3E5+500709]
	Ordinal0 [0x00A55968+481640]
	Ordinal0 [0x00A5628B+483979]
	Ordinal0 [0x00A55D33+482611]
	Ordinal0 [0x00A55E75+482933]
	Ordinal0 [0x00A559B5+481717]
	Ordinal0 [0x00A59A17+498199]
	Ordinal0 [0x00A55968+481640]
	Ordinal0 [0x00A5628B+483979]
	Ordinal0 [0x00A55D33+482611]
	Ordinal0 [0x00A55E75+482933]
	Ordinal0 [0x00A559B5+481717]
	Ordinal0 [0x00A5256C+468332]
	Ordinal0 [0x00A55968+481640]
	Ordinal0 [0x00A55844+481348]
	Ordinal0 [0x00A5F0D0+520400]
	Ordinal0 [0x00A0C030+180272]
	Ordinal0 [0x00A0B59D+177565]
	Ordinal0 [0x00A095FB+169467]
	Ordinal0 [0x009F160A+71178]
	Ordinal0 [0x009F2690+75408]
	Ordinal0 [0x009F2629+75305]
	Ordinal0 [0x00AF71B7+1143223]
	GetHandleVerifier [0x00BF2B46+507814]
	GetHandleVerifier [0x00BF2864+507076]
	GetHandleVerifier [0x00BF9F47+537511]
	GetHandleVerifier [0x00BF3402+510050]
	Ordinal0 [0x00AEF29C+1110684]
	Ordinal0 [0x00AF938B+1151883]
	Ordinal0 [0x00AF94F3+1152243]
	Ordinal0 [0x00AF83F5+1147893]
	BaseThreadInitThunk [0x75230419+25]
	RtlGetAppContainerNamedObjectPath [0x774A662D+237]
	RtlGetAppContainerNamedObjectPath [0x774A65FD+189]
">
      <![CDATA[org.openqa.selenium.SessionNotCreatedException: session not created
from disconnected: received Inspector.detached event
  (Session info: chrome=79.0.3945.130)
Build info: version: '3.141.59', revision: 'e82be7d358', time: '2018-11-14T08:17:03'
System info: host: 'VHT-HO-LP-227', ip: '10.1.2.44', os.name: 'Windows 10', os.arch: 'amd64', os.version: '10.0', java.version: '1.8.0_171'
Driver info: driver.version: ChromeDriver
remote stacktrace: Backtrace:
Ordinal0 [0x00B5A113+1548563]
Ordinal0 [0x00ADDDA1+1039777]
Ordinal0 [0x00A5E485+517253]
Ordinal0 [0x00A570CB+487627]
Ordinal0 [0x00A56CE9+486633]
Ordinal0 [0x00A565E8+484840]
Ordinal0 [0x00A55D33+482611]
Ordinal0 [0x00A55E75+482933]
Ordinal0 [0x00A559B5+481717]
Ordinal0 [0x00A5A3E5+500709]
Ordinal0 [0x00A55968+481640]
Ordinal0 [0x00A5628B+483979]
Ordinal0 [0x00A55D33+482611]
Ordinal0 [0x00A55E75+482933]
Ordinal0 [0x00A559B5+481717]
Ordinal0 [0x00A59A17+498199]
Ordinal0 [0x00A55968+481640]
Ordinal0 [0x00A5628B+483979]
Ordinal0 [0x00A55D33+482611]
Ordinal0 [0x00A55E75+482933]
Ordinal0 [0x00A559B5+481717]
Ordinal0 [0x00A5256C+468332]
Ordinal0 [0x00A55968+481640]
Ordinal0 [0x00A55844+481348]
Ordinal0 [0x00A5F0D0+520400]
Ordinal0 [0x00A0C030+180272]
Ordinal0 [0x00A0B59D+177565]
Ordinal0 [0x00A095FB+169467]
Ordinal0 [0x009F160A+71178]
Ordinal0 [0x009F2690+75408]
Ordinal0 [0x009F2629+75305]
Ordinal0 [0x00AF71B7+1143223]
GetHandleVerifier [0x00BF2B46+507814]
GetHandleVerifier [0x00BF2864+507076]
GetHandleVerifier [0x00BF9F47+537511]
GetHandleVerifier [0x00BF3402+510050]
Ordinal0 [0x00AEF29C+1110684]
Ordinal0 [0x00AF938B+1151883]
Ordinal0 [0x00AF94F3+1152243]
Ordinal0 [0x00AF83F5+1147893]
BaseThreadInitThunk [0x75230419+25]
RtlGetAppContainerNamedObjectPath [0x774A662D+237]
RtlGetAppContainerNamedObjectPath [0x774A65FD+189]

at org.openqa.selenium.remote.W3CHandshakeResponse.lambda$errorHandler$0(W3CHandshakeResponse.java:62)
at org.openqa.selenium.remote.HandshakeResponse.lambda$getResponseFunction$0(HandshakeResponse.java:30)
at org.openqa.selenium.remote.ProtocolHandshake.lambda$createSession$0(ProtocolHandshake.java:126)
at java.util.stream.ReferencePipeline$3$1.accept(ReferencePipeline.java:193)
at java.util.Spliterators$ArraySpliterator.tryAdvance(Spliterators.java:958)
at java.util.stream.ReferencePipeline.forEachWithCancel(ReferencePipeline.java:126)
at java.util.stream.AbstractPipeline.copyIntoWithCancel(AbstractPipeline.java:498)
at java.util.stream.AbstractPipeline.copyInto(AbstractPipeline.java:485)
at java.util.stream.AbstractPipeline.wrapAndCopyInto(AbstractPipeline.java:471)
at java.util.stream.FindOps$FindOp.evaluateSequential(FindOps.java:152)
at java.util.stream.AbstractPipeline.evaluate(AbstractPipeline.java:234)
at java.util.stream.ReferencePipeline.findFirst(ReferencePipeline.java:464)
at org.openqa.selenium.remote.ProtocolHandshake.createSession(ProtocolHandshake.java:128)
at org.openqa.selenium.remote.ProtocolHandshake.createSession(ProtocolHandshake.java:74)
at org.openqa.selenium.remote.HttpCommandExecutor.execute(HttpCommandExecutor.java:136)
at org.openqa.selenium.remote.service.DriverCommandExecutor.execute(DriverCommandExecutor.java:83)
at org.openqa.selenium.remote.RemoteWebDriver.execute(RemoteWebDriver.java:552)
at org.openqa.selenium.remote.RemoteWebDriver.startSession(RemoteWebDriver.java:213)
at org.openqa.selenium.remote.RemoteWebDriver.<init>(RemoteWebDriver.java:131)
at org.openqa.selenium.chrome.ChromeDriver.<init>(ChromeDriver.java:181)
at org.openqa.selenium.chrome.ChromeDriver.<init>(ChromeDriver.java:168)
at org.openqa.selenium.chrome.ChromeDriver.<init>(ChromeDriver.java:123)
at com.qa.vidalhealth.Base.TestBase.initialization(TestBase.java:124)
... Removed 32 stack frames]]>
    </failure>
  </testcase> <!-- @BeforeMethod initialization -->
  <testcase name="@AfterMethod teardown" time="0.0" classname="com.qa.vidalhealth.Base.TestBase">
    <skipped/>
  </testcase> <!-- @AfterMethod teardown -->
  <testcase name="@BeforeMethod initialization" time="0.0" classname="com.qa.vidalhealth.Base.TestBase">
    <skipped/>
  </testcase> <!-- @BeforeMethod initialization -->
  <testcase name="@AfterMethod teardown" time="0.0" classname="com.qa.vidalhealth.Base.TestBase">
    <skipped/>
  </testcase> <!-- @AfterMethod teardown -->
  <testcase name="@BeforeMethod initialization" time="0.0" classname="com.qa.vidalhealth.Base.TestBase">
    <skipped/>
  </testcase> <!-- @BeforeMethod initialization -->
  <testcase name="@AfterMethod teardown" time="0.0" classname="com.qa.vidalhealth.Base.TestBase">
    <skipped/>
  </testcase> <!-- @AfterMethod teardown -->
  <testcase name="@BeforeMethod initialization" time="0.0" classname="com.qa.vidalhealth.Base.TestBase">
    <skipped/>
  </testcase> <!-- @BeforeMethod initialization -->
  <testcase name="@AfterMethod teardown" time="0.0" classname="com.qa.vidalhealth.Base.TestBase">
    <skipped/>
  </testcase> <!-- @AfterMethod teardown -->
  <testcase name="@BeforeMethod initialization" time="0.0" classname="com.qa.vidalhealth.Base.TestBase">
    <skipped/>
  </testcase> <!-- @BeforeMethod initialization -->
  <testcase name="@AfterMethod teardown" time="0.0" classname="com.qa.vidalhealth.Base.TestBase">
    <skipped/>
  </testcase> <!-- @AfterMethod teardown -->
  <testcase name="regularPreAuthGEDTest" time="18894.427" classname="com.qa.vidalhealth.TestScripts.RegularPreAuthGEDTest">
    <failure type="org.openqa.selenium.UnhandledAlertException" message="unexpected alert open: {Alert text : NEFTIOBAN2001659960120200116.pdf}
  (Session info: chrome=79.0.3945.130): NEFTIOBAN2001659960120200116.pdf
Build info: version: &amp;apos;3.141.59&amp;apos;, revision: &amp;apos;e82be7d358&amp;apos;, time: &amp;apos;2018-11-14T08:17:03&amp;apos;
System info: host: &amp;apos;VHT-HO-LP-227&amp;apos;, ip: &amp;apos;10.1.2.44&amp;apos;, os.name: &amp;apos;Windows 10&amp;apos;, os.arch: &amp;apos;amd64&amp;apos;, os.version: &amp;apos;10.0&amp;apos;, java.version: &amp;apos;1.8.0_171&amp;apos;
Driver info: org.openqa.selenium.chrome.ChromeDriver
Capabilities {acceptInsecureCerts: false, browserName: chrome, browserVersion: 79.0.3945.130, chrome: {chromedriverVersion: 79.0.3945.36 (3582db32b3389..., userDataDir: C:\Users\vijay\AppData\Loca...}, goog:chromeOptions: {debuggerAddress: localhost:64960}, javascriptEnabled: true, networkConnectionEnabled: false, pageLoadStrategy: normal, platform: WINDOWS, platformName: WINDOWS, proxy: Proxy(), setWindowRect: true, strictFileInteractability: false, timeouts: {implicit: 0, pageLoad: 300000, script: 30000}, unhandledPromptBehavior: dismiss and notify}
Session ID: bde203a409017ddf66f6c6a3f3def86a">
      <![CDATA[org.openqa.selenium.UnhandledAlertException: unexpected alert open: {Alert text : NEFTIOBAN2001659960120200116.pdf}
  (Session info: chrome=79.0.3945.130): NEFTIOBAN2001659960120200116.pdf
Build info: version: '3.141.59', revision: 'e82be7d358', time: '2018-11-14T08:17:03'
System info: host: 'VHT-HO-LP-227', ip: '10.1.2.44', os.name: 'Windows 10', os.arch: 'amd64', os.version: '10.0', java.version: '1.8.0_171'
Driver info: org.openqa.selenium.chrome.ChromeDriver
Capabilities {acceptInsecureCerts: false, browserName: chrome, browserVersion: 79.0.3945.130, chrome: {chromedriverVersion: 79.0.3945.36 (3582db32b3389..., userDataDir: C:\Users\vijay\AppData\Loca...}, goog:chromeOptions: {debuggerAddress: localhost:64960}, javascriptEnabled: true, networkConnectionEnabled: false, pageLoadStrategy: normal, platform: WINDOWS, platformName: WINDOWS, proxy: Proxy(), setWindowRect: true, strictFileInteractability: false, timeouts: {implicit: 0, pageLoad: 300000, script: 30000}, unhandledPromptBehavior: dismiss and notify}
Session ID: bde203a409017ddf66f6c6a3f3def86a
at org.openqa.selenium.remote.http.W3CHttpResponseCodec.decode(W3CHttpResponseCodec.java:120)
at org.openqa.selenium.remote.http.W3CHttpResponseCodec.decode(W3CHttpResponseCodec.java:49)
at org.openqa.selenium.remote.HttpCommandExecutor.execute(HttpCommandExecutor.java:158)
at org.openqa.selenium.remote.service.DriverCommandExecutor.execute(DriverCommandExecutor.java:83)
at org.openqa.selenium.remote.RemoteWebDriver.execute(RemoteWebDriver.java:552)
at org.openqa.selenium.remote.RemoteWebDriver.executeScript(RemoteWebDriver.java:489)
at com.qa.vidalhealth.Util.TestUtil.scrollDown(TestUtil.java:197)
at com.qa.vidalhealth.Util.TestUtil.userAssignmentIconXpath(TestUtil.java:310)
at com.qa.vidalhealth.Util.TestUtil.userAssignmentIconXpath(TestUtil.java:328)
at com.qa.vidalhealth.Util.TestUtil.userAssignmentIconXpath(TestUtil.java:328)
at com.qa.vidalhealth.Util.TestUtil.userAssignmentIconXpath(TestUtil.java:328)
at com.qa.vidalhealth.Util.TestUtil.userAssignmentIconXpath(TestUtil.java:328)
at com.qa.vidalhealth.Util.TestUtil.userAssignmentIconXpath(TestUtil.java:328)
at com.qa.vidalhealth.Util.TestUtil.userAssignmentIconXpath(TestUtil.java:328)
at com.qa.vidalhealth.Util.TestUtil.userAssignmentIconXpath(TestUtil.java:328)
at com.qa.vidalhealth.Util.TestUtil.userAssignmentIconXpath(TestUtil.java:328)
at com.qa.vidalhealth.Util.TestUtil.userAssignmentIconXpath(TestUtil.java:328)
at com.qa.vidalhealth.Util.TestUtil.userAssignmentIconXpath(TestUtil.java:328)
at com.qa.vidalhealth.Util.TestUtil.userAssignmentIconXpath(TestUtil.java:328)
at com.qa.vidalhealth.Util.TestUtil.userAssignmentIconXpath(TestUtil.java:328)
at com.qa.vidalhealth.Util.TestUtil.userAssignmentIconXpath(TestUtil.java:328)
at com.qa.vidalhealth.Util.TestUtil.userAssignmentIconXpath(TestUtil.java:328)
at com.qa.vidalhealth.Util.TestUtil.userAssignmentIconXpath(TestUtil.java:328)
at com.qa.vidalhealth.Util.TestUtil.userAssignmentIconXpath(TestUtil.java:328)
at com.qa.vidalhealth.Util.TestUtil.userAssignmentIconXpath(TestUtil.java:328)
at com.qa.vidalhealth.Util.TestUtil.userAssignmentIconXpath(TestUtil.java:328)
at com.qa.vidalhealth.Util.TestUtil.userAssignmentIconXpath(TestUtil.java:328)
at com.qa.vidalhealth.Util.TestUtil.userAssignmentIconXpath(TestUtil.java:328)
at com.qa.vidalhealth.Util.TestUtil.userAssignmentIconXpath(TestUtil.java:328)
at com.qa.vidalhealth.Util.TestUtil.userAssignmentIconXpath(TestUtil.java:328)
at com.qa.vidalhealth.Util.TestUtil.userAssignmentIconXpath(TestUtil.java:328)
at com.qa.vidalhealth.Util.TestUtil.userAssignmentIconXpath(TestUtil.java:328)
at com.qa.vidalhealth.Util.TestUtil.userAssignmentIconXpath(TestUtil.java:328)
at com.qa.vidalhealth.Util.TestUtil.userAssignmentIconXpath(TestUtil.java:328)
at com.qa.vidalhealth.Util.TestUtil.userAssignmentIconXpath(TestUtil.java:328)
at com.qa.vidalhealth.Util.TestUtil.userAssignmentIconXpath(TestUtil.java:328)
at com.qa.vidalhealth.Util.TestUtil.userAssignmentIconXpath(TestUtil.java:328)
at com.qa.vidalhealth.Util.TestUtil.userAssignmentIconXpath(TestUtil.java:328)
at com.qa.vidalhealth.Util.TestUtil.userAssignmentIconXpath(TestUtil.java:328)
at com.qa.vidalhealth.Util.TestUtil.userAssignmentIconXpath(TestUtil.java:328)
at com.qa.vidalhealth.Util.TestUtil.userAssignmentIconXpath(TestUtil.java:328)
at com.qa.vidalhealth.Util.TestUtil.userAssignmentIconXpath(TestUtil.java:328)
at com.qa.vidalhealth.Util.TestUtil.userAssignmentIconXpath(TestUtil.java:328)
at com.qa.vidalhealth.Util.TestUtil.userAssignmentIconXpath(TestUtil.java:328)
at com.qa.vidalhealth.Util.TestUtil.userAssignmentIconXpath(TestUtil.java:328)
at com.qa.vidalhealth.Util.TestUtil.userAssignmentIconXpath(TestUtil.java:328)
at com.qa.vidalhealth.Util.TestUtil.userAssignmentIconXpath(TestUtil.java:328)
at com.qa.vidalhealth.Util.TestUtil.userAssignmentIconXpath(TestUtil.java:328)
at com.qa.vidalhealth.Util.TestUtil.userAssignmentIconXpath(TestUtil.java:328)
at com.qa.vidalhealth.Util.TestUtil.userAssignmentIconXpath(TestUtil.java:328)
at com.qa.vidalhealth.Util.TestUtil.userAssignmentIconXpath(TestUtil.java:328)
at com.qa.vidalhealth.Util.TestUtil.userAssignmentIconXpath(TestUtil.java:328)
at com.qa.vidalhealth.Util.TestUtil.userAssignmentIconXpath(TestUtil.java:328)
at com.qa.vidalhealth.Util.TestUtil.userAssignmentIconXpath(TestUtil.java:328)
at com.qa.vidalhealth.Util.TestUtil.userAssignmentIconXpath(TestUtil.java:328)
at com.qa.vidalhealth.Util.TestUtil.userAssignmentIconXpath(TestUtil.java:328)
at com.qa.vidalhealth.Util.TestUtil.userAssignmentIconXpath(TestUtil.java:328)
at com.qa.vidalhealth.Util.TestUtil.userAssignmentIconXpath(TestUtil.java:328)
at com.qa.vidalhealth.Util.TestUtil.userAssignmentIconXpath(TestUtil.java:328)
at com.qa.vidalhealth.Util.TestUtil.userAssignmentIconXpath(TestUtil.java:328)
at com.qa.vidalhealth.Util.TestUtil.userAssignmentIconXpath(TestUtil.java:328)
at com.qa.vidalhealth.Util.TestUtil.userAssignmentIconXpath(TestUtil.java:328)
at com.qa.vidalhealth.Util.TestUtil.userAssignmentIconXpath(TestUtil.java:328)
at com.qa.vidalhealth.Util.TestUtil.userAssignmentIconXpath(TestUtil.java:328)
at com.qa.vidalhealth.Util.TestUtil.userAssignmentIconXpath(TestUtil.java:328)
at com.qa.vidalhealth.Util.TestUtil.userAssignmentIconXpath(TestUtil.java:328)
at com.qa.vidalhealth.Util.TestUtil.userAssignmentIconXpath(TestUtil.java:328)
at com.qa.vidalhealth.Util.TestUtil.userAssignmentIconXpath(TestUtil.java:328)
at com.qa.vidalhealth.Util.TestUtil.userAssignmentIconXpath(TestUtil.java:328)
at com.qa.vidalhealth.Util.TestUtil.userAssignmentIconXpath(TestUtil.java:328)
at com.qa.vidalhealth.Util.TestUtil.userAssignmentIconXpath(TestUtil.java:328)
at com.qa.vidalhealth.Util.TestUtil.userAssignmentIconXpath(TestUtil.java:328)
at com.qa.vidalhealth.Util.TestUtil.userAssignmentIconXpath(TestUtil.java:328)
at com.qa.vidalhealth.Util.TestUtil.userAssignmentIconXpath(TestUtil.java:328)
at com.qa.vidalhealth.Util.TestUtil.userAssignmentIconXpath(TestUtil.java:328)
at com.qa.vidalhealth.Util.TestUtil.userAssignmentIconXpath(TestUtil.java:328)
at com.qa.vidalhealth.Util.TestUtil.userAssignmentIconXpath(TestUtil.java:328)
at com.qa.vidalhealth.Util.TestUtil.userAssignmentIconXpath(TestUtil.java:328)
at com.qa.vidalhealth.Util.TestUtil.userAssignmentIconXpath(TestUtil.java:328)
at com.qa.vidalhealth.Util.TestUtil.userAssignmentIconXpath(TestUtil.java:328)
at com.qa.vidalhealth.Util.TestUtil.userAssignmentIconXpath(TestUtil.java:328)
at com.qa.vidalhealth.Util.TestUtil.userAssignmentIconXpath(TestUtil.java:328)
at com.qa.vidalhealth.Util.TestUtil.userAssignmentIconXpath(TestUtil.java:328)
at com.qa.vidalhealth.Util.TestUtil.userAssignmentIconXpath(TestUtil.java:328)
at com.qa.vidalhealth.Util.TestUtil.userAssignmentIconXpath(TestUtil.java:328)
at com.qa.vidalhealth.Util.TestUtil.userAssignmentIconXpath(TestUtil.java:328)
at com.qa.vidalhealth.Util.TestUtil.userAssignmentIconXpath(TestUtil.java:328)
at com.qa.vidalhealth.Util.TestUtil.userAssignmentIconXpath(TestUtil.java:328)
at com.qa.vidalhealth.Util.TestUtil.userAssignmentIconXpath(TestUtil.java:328)
at com.qa.vidalhealth.Util.TestUtil.userAssignmentIconXpath(TestUtil.java:328)
at com.qa.vidalhealth.Util.TestUtil.userAssignmentIconXpath(TestUtil.java:328)
at com.qa.vidalhealth.Util.TestUtil.userAssignmentIconXpath(TestUtil.java:328)
at com.qa.vidalhealth.Util.TestUtil.userAssignmentIconXpath(TestUtil.java:328)
at com.qa.vidalhealth.Util.TestUtil.userAssignmentIconXpath(TestUtil.java:328)
at com.qa.vidalhealth.Util.TestUtil.userAssignmentIconXpath(TestUtil.java:328)
at com.qa.vidalhealth.Util.TestUtil.userAssignmentIconXpath(TestUtil.java:328)
at com.qa.vidalhealth.Util.TestUtil.userAssignmentIconXpath(TestUtil.java:328)
at com.qa.vidalhealth.Util.TestUtil.userAssignmentIconXpath(TestUtil.java:328)
at com.qa.vidalhealth.Util.TestUtil.userAssignmentIconXpath(TestUtil.java:328)
at com.qa.vidalhealth.Util.TestUtil.userAssignmentIconXpath(TestUtil.java:328)
at com.qa.vidalhealth.Util.TestUtil.userAssignmentIconXpath(TestUtil.java:328)
at com.qa.vidalhealth.Util.TestUtil.userAssignmentIconXpath(TestUtil.java:328)
at com.qa.vidalhealth.Util.TestUtil.userAssignmentIconXpath(TestUtil.java:328)
at com.qa.vidalhealth.Util.TestUtil.userAssignmentIconXpath(TestUtil.java:328)
at com.qa.vidalhealth.Util.TestUtil.userAssignmentIconXpath(TestUtil.java:328)
at com.qa.vidalhealth.Util.TestUtil.userAssignmentIconXpath(TestUtil.java:328)
at com.qa.vidalhealth.Util.TestUtil.userAssignmentIconXpath(TestUtil.java:328)
at com.qa.vidalhealth.Util.TestUtil.userAssignmentIconXpath(TestUtil.java:328)
at com.qa.vidalhealth.Util.TestUtil.userAssignmentIconXpath(TestUtil.java:328)
at com.qa.vidalhealth.Util.TestUtil.userAssignmentIconXpath(TestUtil.java:328)
at com.qa.vidalhealth.Util.TestUtil.userAssignmentIconXpath(TestUtil.java:328)
at com.qa.vidalhealth.Util.TestUtil.userAssignmentIconXpath(TestUtil.java:328)
at com.qa.vidalhealth.Util.TestUtil.userAssignmentIconXpath(TestUtil.java:328)
at com.qa.vidalhealth.Util.TestUtil.userAssignmentIconXpath(TestUtil.java:328)
at com.qa.vidalhealth.Util.TestUtil.userAssignmentIconXpath(TestUtil.java:328)
at com.qa.vidalhealth.Util.TestUtil.userAssignmentIconXpath(TestUtil.java:328)
at com.qa.vidalhealth.Util.TestUtil.userAssignmentIconXpath(TestUtil.java:328)
at com.qa.vidalhealth.Util.TestUtil.userAssignmentIconXpath(TestUtil.java:328)
at com.qa.vidalhealth.Util.TestUtil.userAssignmentIconXpath(TestUtil.java:328)
at com.qa.vidalhealth.Util.TestUtil.userAssignmentIconXpath(TestUtil.java:328)
at com.qa.vidalhealth.Util.TestUtil.userAssignmentIconXpath(TestUtil.java:328)
at com.qa.vidalhealth.Util.TestUtil.userAssignmentIconXpath(TestUtil.java:328)
at com.qa.vidalhealth.Util.TestUtil.userAssignmentIconXpath(TestUtil.java:328)
at com.qa.vidalhealth.Util.TestUtil.userAssignmentIconXpath(TestUtil.java:328)
at com.qa.vidalhealth.Util.TestUtil.userAssignmentIconXpath(TestUtil.java:328)
at com.qa.vidalhealth.Util.TestUtil.userAssignmentIconXpath(TestUtil.java:328)
at com.qa.vidalhealth.Util.TestUtil.userAssignmentIconXpath(TestUtil.java:328)
at com.qa.vidalhealth.Util.TestUtil.userAssignmentIconXpath(TestUtil.java:328)
at com.qa.vidalhealth.Util.TestUtil.userAssignmentIconXpath(TestUtil.java:328)
at com.qa.vidalhealth.Util.TestUtil.userAssignmentIconXpath(TestUtil.java:328)
at com.qa.vidalhealth.Util.TestUtil.userAssignmentIconXpath(TestUtil.java:328)
at com.qa.vidalhealth.Util.TestUtil.userAssignmentIconXpath(TestUtil.java:328)
at com.qa.vidalhealth.Util.TestUtil.userAssignmentIconXpath(TestUtil.java:328)
at com.qa.vidalhealth.Util.TestUtil.userAssignmentIconXpath(TestUtil.java:328)
at com.qa.vidalhealth.Util.TestUtil.userAssignmentIconXpath(TestUtil.java:328)
at com.qa.vidalhealth.Util.TestUtil.userAssignmentIconXpath(TestUtil.java:328)
at com.qa.vidalhealth.Util.TestUtil.userAssignmentIconXpath(TestUtil.java:328)
at com.qa.vidalhealth.Util.TestUtil.userAssignmentIconXpath(TestUtil.java:328)
at com.qa.vidalhealth.Util.TestUtil.userAssignmentIconXpath(TestUtil.java:328)
at com.qa.vidalhealth.Util.TestUtil.userAssignmentIconXpath(TestUtil.java:328)
at com.qa.vidalhealth.Util.TestUtil.userAssignmentIconXpath(TestUtil.java:328)
at com.qa.vidalhealth.Util.TestUtil.userAssignmentIconXpath(TestUtil.java:328)
at com.qa.vidalhealth.Util.TestUtil.userAssignmentIconXpath(TestUtil.java:328)
at com.qa.vidalhealth.Util.TestUtil.userAssignmentIconXpath(TestUtil.java:328)
at com.qa.vidalhealth.Util.TestUtil.userAssignmentIconXpath(TestUtil.java:328)
at com.qa.vidalhealth.Util.TestUtil.userAssignmentIconXpath(TestUtil.java:328)
at com.qa.vidalhealth.Util.TestUtil.userAssignmentIconXpath(TestUtil.java:328)
at com.qa.vidalhealth.Util.TestUtil.userAssignmentIconXpath(TestUtil.java:328)
at com.qa.vidalhealth.Util.TestUtil.userAssignmentIconXpath(TestUtil.java:328)
at com.qa.vidalhealth.Util.TestUtil.userAssignmentIconXpath(TestUtil.java:328)
at com.qa.vidalhealth.Util.TestUtil.userAssignmentIconXpath(TestUtil.java:328)
at com.qa.vidalhealth.Util.TestUtil.userAssignmentIconXpath(TestUtil.java:328)
at com.qa.vidalhealth.Util.TestUtil.userAssignmentIconXpath(TestUtil.java:328)
at com.qa.vidalhealth.Util.TestUtil.userAssignmentIconXpath(TestUtil.java:328)
at com.qa.vidalhealth.Util.TestUtil.userAssignmentIconXpath(TestUtil.java:328)
at com.qa.vidalhealth.Util.TestUtil.userAssignmentIconXpath(TestUtil.java:328)
at com.qa.vidalhealth.Util.TestUtil.userAssignmentIconXpath(TestUtil.java:328)
at com.qa.vidalhealth.Util.TestUtil.userAssignmentIconXpath(TestUtil.java:328)
at com.qa.vidalhealth.Util.TestUtil.userAssignmentIconXpath(TestUtil.java:328)
at com.qa.vidalhealth.Util.TestUtil.userAssignmentIconXpath(TestUtil.java:328)
at com.qa.vidalhealth.Util.TestUtil.userAssignmentIconXpath(TestUtil.java:328)
at com.qa.vidalhealth.Util.TestUtil.userAssignmentIconXpath(TestUtil.java:328)
at com.qa.vidalhealth.Util.TestUtil.userAssignmentIconXpath(TestUtil.java:328)
at com.qa.vidalhealth.Util.TestUtil.userAssignmentIconXpath(TestUtil.java:328)
at com.qa.vidalhealth.Util.TestUtil.userAssignmentIconXpath(TestUtil.java:328)
at com.qa.vidalhealth.Util.TestUtil.userAssignmentIconXpath(TestUtil.java:328)
at com.qa.vidalhealth.Util.TestUtil.userAssignmentIconXpath(TestUtil.java:328)
at com.qa.vidalhealth.Util.TestUtil.userAssignmentIconXpath(TestUtil.java:328)
at com.qa.vidalhealth.Util.TestUtil.userAssignmentIconXpath(TestUtil.java:328)
at com.qa.vidalhealth.Util.TestUtil.userAssignmentIconXpath(TestUtil.java:328)
at com.qa.vidalhealth.Util.TestUtil.userAssignmentIconXpath(TestUtil.java:328)
at com.qa.vidalhealth.Util.TestUtil.userAssignmentIconXpath(TestUtil.java:328)
at com.qa.vidalhealth.Util.TestUtil.userAssignmentIconXpath(TestUtil.java:328)
at com.qa.vidalhealth.Util.TestUtil.userAssignmentIconXpath(TestUtil.java:328)
at com.qa.vidalhealth.Util.TestUtil.userAssignmentIconXpath(TestUtil.java:328)
at com.qa.vidalhealth.Util.TestUtil.userAssignmentIconXpath(TestUtil.java:328)
at com.qa.vidalhealth.Util.TestUtil.userAssignmentIconXpath(TestUtil.java:328)
at com.qa.vidalhealth.Util.TestUtil.userAssignmentIconXpath(TestUtil.java:328)
at com.qa.vidalhealth.Util.TestUtil.userAssignmentIconXpath(TestUtil.java:328)
at com.qa.vidalhealth.Util.TestUtil.userAssignmentIconXpath(TestUtil.java:328)
at com.qa.vidalhealth.Util.TestUtil.userAssignmentIconXpath(TestUtil.java:328)
at com.qa.vidalhealth.Util.TestUtil.userAssignmentIconXpath(TestUtil.java:328)
at com.qa.vidalhealth.Util.TestUtil.userAssignmentIconXpath(TestUtil.java:328)
at com.qa.vidalhealth.Util.TestUtil.userAssignmentIconXpath(TestUtil.java:328)
at com.qa.vidalhealth.Util.TestUtil.userAssignmentIconXpath(TestUtil.java:328)
at com.qa.vidalhealth.Util.TestUtil.userAssignmentIconXpath(TestUtil.java:328)
at com.qa.vidalhealth.Util.TestUtil.userAssignmentIconXpath(TestUtil.java:328)
at com.qa.vidalhealth.Util.TestUtil.userAssignmentIconXpath(TestUtil.java:328)
at com.qa.vidalhealth.Util.TestUtil.userAssignmentIconXpath(TestUtil.java:328)
at com.qa.vidalhealth.Util.TestUtil.userAssignmentIconXpath(TestUtil.java:328)
at com.qa.vidalhealth.Util.TestUtil.userAssignmentIconXpath(TestUtil.java:328)
at com.qa.vidalhealth.Util.TestUtil.userAssignmentIconXpath(TestUtil.java:328)
at com.qa.vidalhealth.Util.TestUtil.userAssignmentIconXpath(TestUtil.java:328)
at com.qa.vidalhealth.Util.TestUtil.userAssignmentIconXpath(TestUtil.java:328)
at com.qa.vidalhealth.Util.TestUtil.userAssignmentIconXpath(TestUtil.java:328)
at com.qa.vidalhealth.Util.TestUtil.userAssignmentIconXpath(TestUtil.java:328)
at com.qa.vidalhealth.Util.TestUtil.userAssignmentIconXpath(TestUtil.java:328)
at com.qa.vidalhealth.Util.TestUtil.userAssignmentIconXpath(TestUtil.java:328)
at com.qa.vidalhealth.Util.TestUtil.userAssignmentIconXpath(TestUtil.java:328)
at com.qa.vidalhealth.Util.TestUtil.userAssignmentIconXpath(TestUtil.java:328)
at com.qa.vidalhealth.Util.TestUtil.userAssignmentIconXpath(TestUtil.java:328)
at com.qa.vidalhealth.Util.TestUtil.userAssignmentIconXpath(TestUtil.java:328)
at com.qa.vidalhealth.Util.TestUtil.userAssignmentIconXpath(TestUtil.java:328)
at com.qa.vidalhealth.Util.TestUtil.userAssignmentIconXpath(TestUtil.java:328)
at com.qa.vidalhealth.Util.TestUtil.userAssignmentIconXpath(TestUtil.java:328)
at com.qa.vidalhealth.Util.TestUtil.userAssignmentIconXpath(TestUtil.java:328)
at com.qa.vidalhealth.Util.TestUtil.userAssignmentIconXpath(TestUtil.java:328)
at com.qa.vidalhealth.Util.TestUtil.userAssignmentIconXpath(TestUtil.java:328)
at com.qa.vidalhealth.Util.TestUtil.userAssignmentIconXpath(TestUtil.java:328)
at com.qa.vidalhealth.Util.TestUtil.userAssignmentIconXpath(TestUtil.java:328)
at com.qa.vidalhealth.Util.TestUtil.userAssignmentIconXpath(TestUtil.java:328)
at com.qa.vidalhealth.Util.TestUtil.userAssignmentIconXpath(TestUtil.java:328)
at com.qa.vidalhealth.Util.TestUtil.userAssignmentIconXpath(TestUtil.java:328)
at com.qa.vidalhealth.Util.TestUtil.userAssignmentIconXpath(TestUtil.java:328)
at com.qa.vidalhealth.Util.TestUtil.userAssignmentIconXpath(TestUtil.java:328)
at com.qa.vidalhealth.Util.TestUtil.userAssignmentIconXpath(TestUtil.java:328)
at com.qa.vidalhealth.Util.TestUtil.userAssignmentIconXpath(TestUtil.java:328)
at com.qa.vidalhealth.Util.TestUtil.userAssignmentIconXpath(TestUtil.java:328)
at com.qa.vidalhealth.Util.TestUtil.userAssignmentIconXpath(TestUtil.java:328)
at com.qa.vidalhealth.Util.TestUtil.userAssignmentIconXpath(TestUtil.java:328)
at com.qa.vidalhealth.Util.TestUtil.userAssignmentIconXpath(TestUtil.java:328)
at com.qa.vidalhealth.Util.TestUtil.userAssignmentIconXpath(TestUtil.java:328)
at com.qa.vidalhealth.Util.TestUtil.userAssignmentIconXpath(TestUtil.java:328)
at com.qa.vidalhealth.Util.TestUtil.userAssignmentIconXpath(TestUtil.java:328)
at com.qa.vidalhealth.Util.TestUtil.userAssignmentIconXpath(TestUtil.java:328)
at com.qa.vidalhealth.Util.TestUtil.userAssignmentIconXpath(TestUtil.java:328)
at com.qa.vidalhealth.Util.TestUtil.userAssignmentIconXpath(TestUtil.java:328)
at com.qa.vidalhealth.Util.TestUtil.userAssignmentIconXpath(TestUtil.java:328)
at com.qa.vidalhealth.Util.TestUtil.userAssignmentIconXpath(TestUtil.java:328)
at com.qa.vidalhealth.Util.TestUtil.userAssignmentIconXpath(TestUtil.java:328)
at com.qa.vidalhealth.Util.TestUtil.userAssignmentIconXpath(TestUtil.java:328)
at com.qa.vidalhealth.Util.TestUtil.userAssignmentIconXpath(TestUtil.java:328)
at com.qa.vidalhealth.Util.TestUtil.userAssignmentIconXpath(TestUtil.java:328)
at com.qa.vidalhealth.Util.TestUtil.userAssignmentIconXpath(TestUtil.java:328)
at com.qa.vidalhealth.Util.TestUtil.userAssignmentIconXpath(TestUtil.java:328)
at com.qa.vidalhealth.Util.TestUtil.userAssignmentIconXpath(TestUtil.java:328)
at com.qa.vidalhealth.Util.TestUtil.userAssignmentIconXpath(TestUtil.java:328)
at com.qa.vidalhealth.Util.TestUtil.userAssignmentIconXpath(TestUtil.java:328)
at com.qa.vidalhealth.Util.TestUtil.userAssignmentIconXpath(TestUtil.java:328)
at com.qa.vidalhealth.Util.TestUtil.userAssignmentIconXpath(TestUtil.java:328)
at com.qa.vidalhealth.Util.TestUtil.userAssignmentIconXpath(TestUtil.java:328)
at com.qa.vidalhealth.Util.TestUtil.userAssignmentIconXpath(TestUtil.java:328)
at com.qa.vidalhealth.Util.TestUtil.userAssignmentIconXpath(TestUtil.java:328)
at com.qa.vidalhealth.Util.TestUtil.userAssignmentIconXpath(TestUtil.java:328)
at com.qa.vidalhealth.Util.TestUtil.userAssignmentIconXpath(TestUtil.java:328)
at com.qa.vidalhealth.Util.TestUtil.userAssignmentIconXpath(TestUtil.java:328)
at com.qa.vidalhealth.Util.TestUtil.userAssignmentIconXpath(TestUtil.java:328)
at com.qa.vidalhealth.Util.TestUtil.userAssignmentIconXpath(TestUtil.java:328)
at com.qa.vidalhealth.Util.TestUtil.userAssignmentIconXpath(TestUtil.java:328)
at com.qa.vidalhealth.Util.TestUtil.userAssignmentIconXpath(TestUtil.java:328)
at com.qa.vidalhealth.Util.TestUtil.userAssignmentIconXpath(TestUtil.java:328)
at com.qa.vidalhealth.Util.TestUtil.userAssignmentIconXpath(TestUtil.java:328)
at com.qa.vidalhealth.Util.TestUtil.userAssignmentIconXpath(TestUtil.java:328)
at com.qa.vidalhealth.Util.TestUtil.userAssignmentIconXpath(TestUtil.java:328)
at com.qa.vidalhealth.Util.TestUtil.userAssignmentIconXpath(TestUtil.java:328)
at com.qa.vidalhealth.Util.TestUtil.userAssignmentIconXpath(TestUtil.java:328)
at com.qa.vidalhealth.Util.TestUtil.userAssignmentIconXpath(TestUtil.java:328)
at com.qa.vidalhealth.Util.TestUtil.userAssignmentIconXpath(TestUtil.java:328)
at com.qa.vidalhealth.Util.TestUtil.userAssignmentIconXpath(TestUtil.java:328)
at com.qa.vidalhealth.Util.TestUtil.userAssignmentIconXpath(TestUtil.java:328)
at com.qa.vidalhealth.Util.TestUtil.userAssignmentIconXpath(TestUtil.java:328)
at com.qa.vidalhealth.Util.TestUtil.userAssignmentIconXpath(TestUtil.java:328)
at com.qa.vidalhealth.Util.TestUtil.userAssignmentIconXpath(TestUtil.java:328)
at com.qa.vidalhealth.Util.TestUtil.userAssignmentIconXpath(TestUtil.java:328)
at com.qa.vidalhealth.Util.TestUtil.userAssignmentIconXpath(TestUtil.java:328)
at com.qa.vidalhealth.Util.TestUtil.userAssignmentIconXpath(TestUtil.java:328)
at com.qa.vidalhealth.Util.TestUtil.userAssignmentIconXpath(TestUtil.java:328)
at com.qa.vidalhealth.Util.TestUtil.userAssignmentIconXpath(TestUtil.java:328)
at com.qa.vidalhealth.Util.TestUtil.userAssignmentIconXpath(TestUtil.java:328)
at com.qa.vidalhealth.Util.TestUtil.userAssignmentIconXpath(TestUtil.java:328)
at com.qa.vidalhealth.Util.TestUtil.userAssignmentIconXpath(TestUtil.java:328)
at com.qa.vidalhealth.Util.TestUtil.userAssignmentIconXpath(TestUtil.java:328)
at com.qa.vidalhealth.Util.TestUtil.userAssignmentIconXpath(TestUtil.java:328)
at com.qa.vidalhealth.Util.TestUtil.userAssignmentIconXpath(TestUtil.java:328)
at com.qa.vidalhealth.Util.TestUtil.userAssignmentIconXpath(TestUtil.java:328)
at com.qa.vidalhealth.Util.TestUtil.userAssignmentIconXpath(TestUtil.java:328)
at com.qa.vidalhealth.Util.TestUtil.userAssignmentIconXpath(TestUtil.java:328)
at com.qa.vidalhealth.Util.TestUtil.userAssignmentIconXpath(TestUtil.java:328)
at com.qa.vidalhealth.Util.TestUtil.userAssignmentIconXpath(TestUtil.java:328)
at com.qa.vidalhealth.Util.TestUtil.userAssignmentIconXpath(TestUtil.java:328)
at com.qa.vidalhealth.Util.TestUtil.userAssignmentIconXpath(TestUtil.java:328)
at com.qa.vidalhealth.Util.TestUtil.userAssignmentIconXpath(TestUtil.java:328)
at com.qa.vidalhealth.Util.TestUtil.userAssignmentIconXpath(TestUtil.java:328)
at com.qa.vidalhealth.Util.TestUtil.userAssignmentIconXpath(TestUtil.java:328)
at com.qa.vidalhealth.Util.TestUtil.userAssignmentIconXpath(TestUtil.java:328)
at com.qa.vidalhealth.Util.TestUtil.userAssignmentIconXpath(TestUtil.java:328)
at com.qa.vidalhealth.Util.TestUtil.userAssignmentIconXpath(TestUtil.java:328)
at com.qa.vidalhealth.Util.TestUtil.userAssignmentIconXpath(TestUtil.java:328)
at com.qa.vidalhealth.Util.TestUtil.userAssignmentIconXpath(TestUtil.java:328)
at com.qa.vidalhealth.Util.TestUtil.userAssignmentIconXpath(TestUtil.java:328)
at com.qa.vidalhealth.Util.TestUtil.userAssignmentIconXpath(TestUtil.java:328)
at com.qa.vidalhealth.Util.TestUtil.userAssignmentIconXpath(TestUtil.java:328)
at com.qa.vidalhealth.Util.TestUtil.userAssignmentIconXpath(TestUtil.java:328)
at com.qa.vidalhealth.Util.TestUtil.userAssignmentIconXpath(TestUtil.java:328)
at com.qa.vidalhealth.Util.TestUtil.userAssignmentIconXpath(TestUtil.java:328)
at com.qa.vidalhealth.Util.TestUtil.userAssignmentIconXpath(TestUtil.java:328)
at com.qa.vidalhealth.Util.TestUtil.userAssignmentIconXpath(TestUtil.java:328)
at com.qa.vidalhealth.Util.TestUtil.userAssignmentIconXpath(TestUtil.java:328)
at com.qa.vidalhealth.Util.TestUtil.userAssignmentIconXpath(TestUtil.java:328)
at com.qa.vidalhealth.Util.TestUtil.userAssignmentIconXpath(TestUtil.java:328)
at com.qa.vidalhealth.Util.TestUtil.userAssignmentIconXpath(TestUtil.java:328)
at com.qa.vidalhealth.Util.TestUtil.userAssignmentIconXpath(TestUtil.java:328)
at com.qa.vidalhealth.Util.TestUtil.userAssignmentIconXpath(TestUtil.java:328)
at com.qa.vidalhealth.Util.TestUtil.userAssignmentIconXpath(TestUtil.java:328)
at com.qa.vidalhealth.Util.TestUtil.userAssignmentIconXpath(TestUtil.java:328)
at com.qa.vidalhealth.Util.TestUtil.userAssignmentIconXpath(TestUtil.java:328)
at com.qa.vidalhealth.Util.TestUtil.userAssignmentIconXpath(TestUtil.java:328)
at com.qa.vidalhealth.Util.TestUtil.userAssignmentIconXpath(TestUtil.java:328)
at com.qa.vidalhealth.Util.TestUtil.userAssignmentIconXpath(TestUtil.java:328)
at com.qa.vidalhealth.Util.TestUtil.userAssignmentIconXpath(TestUtil.java:328)
at com.qa.vidalhealth.Util.TestUtil.userAssignmentIconXpath(TestUtil.java:328)
at com.qa.vidalhealth.Util.TestUtil.userAssignmentIconXpath(TestUtil.java:328)
at com.qa.vidalhealth.Util.TestUtil.userAssignmentIconXpath(TestUtil.java:328)
at com.qa.vidalhealth.Util.TestUtil.userAssignmentIconXpath(TestUtil.java:328)
at com.qa.vidalhealth.Util.TestUtil.userAssignmentIconXpath(TestUtil.java:328)
at com.qa.vidalhealth.Util.TestUtil.userAssignmentIconXpath(TestUtil.java:328)
at com.qa.vidalhealth.Util.TestUtil.userAssignmentIconXpath(TestUtil.java:328)
at com.qa.vidalhealth.Util.TestUtil.userAssignmentIconXpath(TestUtil.java:328)
at com.qa.vidalhealth.Util.TestUtil.userAssignmentIconXpath(TestUtil.java:328)
at com.qa.vidalhealth.Util.TestUtil.userAssignmentIconXpath(TestUtil.java:328)
at com.qa.vidalhealth.Util.TestUtil.userAssignmentIconXpath(TestUtil.java:328)
at com.qa.vidalhealth.Util.TestUtil.userAssignmentIconXpath(TestUtil.java:328)
at com.qa.vidalhealth.Util.TestUtil.userAssignmentIconXpath(TestUtil.java:328)
at com.qa.vidalhealth.Util.TestUtil.userAssignmentIconXpath(TestUtil.java:328)
at com.qa.vidalhealth.Util.TestUtil.userAssignmentIconXpath(TestUtil.java:328)
at com.qa.vidalhealth.Util.TestUtil.userAssignmentIconXpath(TestUtil.java:328)
at com.qa.vidalhealth.Util.TestUtil.userAssignmentIconXpath(TestUtil.java:328)
at com.qa.vidalhealth.Util.TestUtil.userAssignmentIconXpath(TestUtil.java:328)
at com.qa.vidalhealth.Util.TestUtil.userAssignmentIconXpath(TestUtil.java:328)
at com.qa.vidalhealth.Util.TestUtil.userAssignmentIconXpath(TestUtil.java:328)
at com.qa.vidalhealth.Util.TestUtil.userAssignmentIconXpath(TestUtil.java:328)
at com.qa.vidalhealth.Util.TestUtil.userAssignmentIconXpath(TestUtil.java:328)
at com.qa.vidalhealth.Util.TestUtil.userAssignmentIconXpath(TestUtil.java:328)
at com.qa.vidalhealth.Util.TestUtil.userAssignmentIconXpath(TestUtil.java:328)
at com.qa.vidalhealth.Util.TestUtil.userAssignmentIconXpath(TestUtil.java:328)
at com.qa.vidalhealth.Util.TestUtil.userAssignmentIconXpath(TestUtil.java:328)
at com.qa.vidalhealth.Util.TestUtil.userAssignmentIconXpath(TestUtil.java:328)
at com.qa.vidalhealth.Util.TestUtil.userAssignmentIconXpath(TestUtil.java:328)
at com.qa.vidalhealth.Util.TestUtil.userAssignmentIconXpath(TestUtil.java:328)
at com.qa.vidalhealth.Util.TestUtil.userAssignmentIconXpath(TestUtil.java:328)
at com.qa.vidalhealth.Util.TestUtil.userAssignmentIconXpath(TestUtil.java:328)
at com.qa.vidalhealth.Util.TestUtil.userAssignmentIconXpath(TestUtil.java:328)
at com.qa.vidalhealth.Util.TestUtil.userAssignmentIconXpath(TestUtil.java:328)
at com.qa.vidalhealth.Util.TestUtil.userAssignmentIconXpath(TestUtil.java:328)
at com.qa.vidalhealth.Util.TestUtil.userAssignmentIconXpath(TestUtil.java:328)
at com.qa.vidalhealth.Util.TestUtil.userAssignmentIconXpath(TestUtil.java:328)
at com.qa.vidalhealth.Util.TestUtil.userAssignmentIconXpath(TestUtil.java:328)
at com.qa.vidalhealth.Util.TestUtil.userAssignmentIconXpath(TestUtil.java:328)
at com.qa.vidalhealth.Util.TestUtil.userAssignmentIconXpath(TestUtil.java:328)
at com.qa.vidalhealth.Util.TestUtil.userAssignmentIconXpath(TestUtil.java:328)
at com.qa.vidalhealth.Util.TestUtil.userAssignmentIconXpath(TestUtil.java:328)
at com.qa.vidalhealth.Util.TestUtil.userAssignmentIconXpath(TestUtil.java:328)
at com.qa.vidalhealth.Util.TestUtil.userAssignmentIconXpath(TestUtil.java:328)
at com.qa.vidalhealth.Util.TestUtil.userAssignmentIconXpath(TestUtil.java:328)
at com.qa.vidalhealth.Util.TestUtil.userAssignmentIconXpath(TestUtil.java:328)
at com.qa.vidalhealth.Util.TestUtil.userAssignmentIconXpath(TestUtil.java:328)
at com.qa.vidalhealth.Util.TestUtil.userAssignmentIconXpath(TestUtil.java:328)
at com.qa.vidalhealth.Util.TestUtil.userAssignmentIconXpath(TestUtil.java:328)
at com.qa.vidalhealth.Util.TestUtil.userAssignmentIconXpath(TestUtil.java:328)
at com.qa.vidalhealth.Util.TestUtil.userAssignmentIconXpath(TestUtil.java:328)
at com.qa.vidalhealth.Util.TestUtil.userAssignmentIconXpath(TestUtil.java:328)
at com.qa.vidalhealth.Util.TestUtil.userAssignmentIconXpath(TestUtil.java:328)
at com.qa.vidalhealth.Util.TestUtil.userAssignmentIconXpath(TestUtil.java:328)
at com.qa.vidalhealth.Util.TestUtil.userAssignmentIconXpath(TestUtil.java:328)
at com.qa.vidalhealth.Util.TestUtil.userAssignmentIconXpath(TestUtil.java:328)
at com.qa.vidalhealth.Util.TestUtil.userAssignmentIconXpath(TestUtil.java:328)
at com.qa.vidalhealth.Util.TestUtil.userAssignmentIconXpath(TestUtil.java:328)
at com.qa.vidalhealth.Util.TestUtil.userAssignmentIconXpath(TestUtil.java:328)
at com.qa.vidalhealth.Util.TestUtil.userAssignmentIconXpath(TestUtil.java:328)
at com.qa.vidalhealth.Util.TestUtil.userAssignmentIconXpath(TestUtil.java:328)
at com.qa.vidalhealth.Util.TestUtil.userAssignmentIconXpath(TestUtil.java:328)
at com.qa.vidalhealth.Util.TestUtil.userAssignmentIconXpath(TestUtil.java:328)
at com.qa.vidalhealth.Util.TestUtil.userAssignmentIconXpath(TestUtil.java:328)
at com.qa.vidalhealth.Util.TestUtil.userAssignmentIconXpath(TestUtil.java:328)
at com.qa.vidalhealth.Util.TestUtil.userAssignmentIconXpath(TestUtil.java:328)
at com.qa.vidalhealth.Util.TestUtil.userAssignmentIconXpath(TestUtil.java:328)
at com.qa.vidalhealth.Util.TestUtil.userAssignmentIconXpath(TestUtil.java:328)
at com.qa.vidalhealth.Util.TestUtil.userAssignmentIconXpath(TestUtil.java:328)
at com.qa.vidalhealth.Util.TestUtil.userAssignmentIconXpath(TestUtil.java:328)
at com.qa.vidalhealth.Util.TestUtil.userAssignmentIconXpath(TestUtil.java:328)
at com.qa.vidalhealth.Util.TestUtil.userAssignmentIconXpath(TestUtil.java:328)
at com.qa.vidalhealth.Util.TestUtil.userAssignmentIconXpath(TestUtil.java:328)
at com.qa.vidalhealth.Util.TestUtil.userAssignmentIconXpath(TestUtil.java:328)
at com.qa.vidalhealth.Util.TestUtil.userAssignmentIconXpath(TestUtil.java:328)
at com.qa.vidalhealth.Util.TestUtil.userAssignmentIconXpath(TestUtil.java:328)
at com.qa.vidalhealth.Util.TestUtil.userAssignmentIconXpath(TestUtil.java:328)
at com.qa.vidalhealth.Util.TestUtil.userAssignmentIconXpath(TestUtil.java:328)
at com.qa.vidalhealth.Util.TestUtil.userAssignmentIconXpath(TestUtil.java:328)
at com.qa.vidalhealth.Util.TestUtil.userAssignmentIconXpath(TestUtil.java:328)
at com.qa.vidalhealth.Util.TestUtil.userAssignmentIconXpath(TestUtil.java:328)
at com.qa.vidalhealth.Util.TestUtil.userAssignmentIconXpath(TestUtil.java:328)
at com.qa.vidalhealth.Util.TestUtil.userAssignmentIconXpath(TestUtil.java:328)
at com.qa.vidalhealth.Util.TestUtil.userAssignmentIconXpath(TestUtil.java:328)
at com.qa.vidalhealth.Util.TestUtil.userAssignmentIconXpath(TestUtil.java:328)
at com.qa.vidalhealth.Util.TestUtil.userAssignmentIconXpath(TestUtil.java:328)
at com.qa.vidalhealth.Util.TestUtil.userAssignmentIconXpath(TestUtil.java:328)
at com.qa.vidalhealth.Util.TestUtil.userAssignmentIconXpath(TestUtil.java:328)
at com.qa.vidalhealth.Util.TestUtil.userAssignmentIconXpath(TestUtil.java:328)
at com.qa.vidalhealth.Util.TestUtil.userAssignmentIconXpath(TestUtil.java:328)
at com.qa.vidalhealth.Util.TestUtil.userAssignmentIconXpath(TestUtil.java:328)
at com.qa.vidalhealth.Util.TestUtil.userAssignmentIconXpath(TestUtil.java:328)
at com.qa.vidalhealth.Util.TestUtil.userAssignmentIconXpath(TestUtil.java:328)
at com.qa.vidalhealth.Util.TestUtil.userAssignmentIconXpath(TestUtil.java:328)
at com.qa.vidalhealth.Util.TestUtil.userAssignmentIconXpath(TestUtil.java:328)
at com.qa.vidalhealth.Util.TestUtil.userAssignmentIconXpath(TestUtil.java:328)
at com.qa.vidalhealth.Util.TestUtil.userAssignmentIconXpath(TestUtil.java:328)
at com.qa.vidalhealth.Util.TestUtil.userAssignmentIconXpath(TestUtil.java:328)
at com.qa.vidalhealth.Util.TestUtil.userAssignmentIconXpath(TestUtil.java:328)
at com.qa.vidalhealth.Util.TestUtil.userAssignmentIconXpath(TestUtil.java:328)
at com.qa.vidalhealth.Util.TestUtil.userAssignmentIconXpath(TestUtil.java:328)
at com.qa.vidalhealth.Util.TestUtil.userAssignmentIconXpath(TestUtil.java:328)
at com.qa.vidalhealth.Util.TestUtil.userAssignmentIconXpath(TestUtil.java:328)
at com.qa.vidalhealth.Util.TestUtil.userAssignmentIconXpath(TestUtil.java:328)
at com.qa.vidalhealth.Util.TestUtil.userAssignmentIconXpath(TestUtil.java:328)
at com.qa.vidalhealth.Util.TestUtil.userAssignmentIconXpath(TestUtil.java:328)
at com.qa.vidalhealth.Util.TestUtil.userAssignmentIconXpath(TestUtil.java:328)
at com.qa.vidalhealth.Util.TestUtil.userAssignmentIconXpath(TestUtil.java:328)
at com.qa.vidalhealth.Util.TestUtil.userAssignmentIconXpath(TestUtil.java:328)
at com.qa.vidalhealth.Util.TestUtil.userAssignmentIconXpath(TestUtil.java:328)
at com.qa.vidalhealth.Util.TestUtil.userAssignmentIconXpath(TestUtil.java:328)
at com.qa.vidalhealth.Util.TestUtil.userAssignmentIconXpath(TestUtil.java:328)
at com.qa.vidalhealth.Util.TestUtil.userAssignmentIconXpath(TestUtil.java:328)
at com.qa.vidalhealth.Util.TestUtil.userAssignmentIconXpath(TestUtil.java:328)
at com.qa.vidalhealth.Util.TestUtil.userAssignmentIconXpath(TestUtil.java:328)
at com.qa.vidalhealth.Util.TestUtil.userAssignmentIconXpath(TestUtil.java:328)
at com.qa.vidalhealth.Util.TestUtil.userAssignmentIconXpath(TestUtil.java:328)
at com.qa.vidalhealth.Util.TestUtil.userAssignmentIconXpath(TestUtil.java:328)
at com.qa.vidalhealth.Util.TestUtil.userAssignmentIconXpath(TestUtil.java:328)
at com.qa.vidalhealth.Util.TestUtil.userAssignmentIconXpath(TestUtil.java:328)
at com.qa.vidalhealth.Util.TestUtil.userAssignmentIconXpath(TestUtil.java:328)
at com.qa.vidalhealth.Util.TestUtil.userAssignmentIconXpath(TestUtil.java:328)
at com.qa.vidalhealth.Util.TestUtil.userAssignmentIconXpath(TestUtil.java:328)
at com.qa.vidalhealth.Util.TestUtil.userAssignmentIconXpath(TestUtil.java:328)
at com.qa.vidalhealth.Util.TestUtil.userAssignmentIconXpath(TestUtil.java:328)
at com.qa.vidalhealth.Util.TestUtil.userAssignmentIconXpath(TestUtil.java:328)
at com.qa.vidalhealth.Util.TestUtil.userAssignmentIconXpath(TestUtil.java:328)
at com.qa.vidalhealth.Util.TestUtil.userAssignmentIconXpath(TestUtil.java:328)
at com.qa.vidalhealth.Util.TestUtil.userAssignmentIconXpath(TestUtil.java:328)
at com.qa.vidalhealth.Util.TestUtil.userAssignmentIconXpath(TestUtil.java:328)
at com.qa.vidalhealth.Util.TestUtil.userAssignmentIconXpath(TestUtil.java:328)
at com.qa.vidalhealth.Util.TestUtil.userAssignmentIconXpath(TestUtil.java:328)
at com.qa.vidalhealth.Util.TestUtil.userAssignmentIconXpath(TestUtil.java:328)
at com.qa.vidalhealth.Util.TestUtil.userAssignmentIconXpath(TestUtil.java:328)
at com.qa.vidalhealth.Util.TestUtil.userAssignmentIconXpath(TestUtil.java:328)
at com.qa.vidalhealth.Util.TestUtil.userAssignmentIconXpath(TestUtil.java:328)
at com.qa.vidalhealth.Util.TestUtil.userAssignmentIconXpath(TestUtil.java:328)
at com.qa.vidalhealth.Util.TestUtil.userAssignmentIconXpath(TestUtil.java:328)
at com.qa.vidalhealth.Util.TestUtil.userAssignmentIconXpath(TestUtil.java:328)
at com.qa.vidalhealth.Util.TestUtil.userAssignmentIconXpath(TestUtil.java:328)
at com.qa.vidalhealth.Util.TestUtil.userAssignmentIconXpath(TestUtil.java:328)
at com.qa.vidalhealth.Util.TestUtil.userAssignmentIconXpath(TestUtil.java:328)
at com.qa.vidalhealth.Util.TestUtil.userAssignmentIconXpath(TestUtil.java:328)
at com.qa.vidalhealth.Util.TestUtil.userAssignmentIconXpath(TestUtil.java:328)
at com.qa.vidalhealth.Pages.HomePage.assignCaseManuallyWhichCreatedManually(HomePage.java:598)
at com.qa.vidalhealth.TestScripts.RegularPreAuthGEDTest.regularPreAuthGEDTest(RegularPreAuthGEDTest.java:69)
... Removed 25 stack frames]]>
    </failure>
  </testcase> <!-- regularPreAuthGEDTest -->
  <testcase name="PreauthOpenNOverrideShortfallTest" time="43.121" classname="com.qa.vidalhealth.TestScripts.PreauthSupportDocShortfallTest">
    <failure type="org.openqa.selenium.NoSuchElementException" message="no such element: Unable to locate element: {&amp;quot;method&amp;quot;:&amp;quot;css selector&amp;quot;,&amp;quot;selector&amp;quot;:&amp;quot;*[name=&amp;apos;username&amp;apos;]&amp;quot;}
  (Session info: chrome=79.0.3945.130)
For documentation on this error, please visit: https://www.seleniumhq.org/exceptions/no_such_element.html
Build info: version: &amp;apos;3.141.59&amp;apos;, revision: &amp;apos;e82be7d358&amp;apos;, time: &amp;apos;2018-11-14T08:17:03&amp;apos;
System info: host: &amp;apos;VHT-HO-LP-227&amp;apos;, ip: &amp;apos;10.1.2.44&amp;apos;, os.name: &amp;apos;Windows 10&amp;apos;, os.arch: &amp;apos;amd64&amp;apos;, os.version: &amp;apos;10.0&amp;apos;, java.version: &amp;apos;1.8.0_171&amp;apos;
Driver info: org.openqa.selenium.chrome.ChromeDriver
Capabilities {acceptInsecureCerts: false, browserName: chrome, browserVersion: 79.0.3945.130, chrome: {chromedriverVersion: 79.0.3945.36 (3582db32b3389..., userDataDir: C:\Users\vijay\AppData\Loca...}, goog:chromeOptions: {debuggerAddress: localhost:61525}, javascriptEnabled: true, networkConnectionEnabled: false, pageLoadStrategy: normal, platform: WINDOWS, platformName: WINDOWS, proxy: Proxy(), setWindowRect: true, strictFileInteractability: false, timeouts: {implicit: 0, pageLoad: 300000, script: 30000}, unhandledPromptBehavior: dismiss and notify}
Session ID: 44fe5e49ca8e83fa007c8e6b7504015d
*** Element info: {Using=name, value=username}">
      <![CDATA[org.openqa.selenium.NoSuchElementException: no such element: Unable to locate element: {"method":"css selector","selector":"*[name='username']"}
  (Session info: chrome=79.0.3945.130)
For documentation on this error, please visit: https://www.seleniumhq.org/exceptions/no_such_element.html
Build info: version: '3.141.59', revision: 'e82be7d358', time: '2018-11-14T08:17:03'
System info: host: 'VHT-HO-LP-227', ip: '10.1.2.44', os.name: 'Windows 10', os.arch: 'amd64', os.version: '10.0', java.version: '1.8.0_171'
Driver info: org.openqa.selenium.chrome.ChromeDriver
Capabilities {acceptInsecureCerts: false, browserName: chrome, browserVersion: 79.0.3945.130, chrome: {chromedriverVersion: 79.0.3945.36 (3582db32b3389..., userDataDir: C:\Users\vijay\AppData\Loca...}, goog:chromeOptions: {debuggerAddress: localhost:61525}, javascriptEnabled: true, networkConnectionEnabled: false, pageLoadStrategy: normal, platform: WINDOWS, platformName: WINDOWS, proxy: Proxy(), setWindowRect: true, strictFileInteractability: false, timeouts: {implicit: 0, pageLoad: 300000, script: 30000}, unhandledPromptBehavior: dismiss and notify}
Session ID: 44fe5e49ca8e83fa007c8e6b7504015d
*** Element info: {Using=name, value=username}
at org.openqa.selenium.remote.http.W3CHttpResponseCodec.createException(W3CHttpResponseCodec.java:187)
at org.openqa.selenium.remote.http.W3CHttpResponseCodec.decode(W3CHttpResponseCodec.java:122)
at org.openqa.selenium.remote.http.W3CHttpResponseCodec.decode(W3CHttpResponseCodec.java:49)
at org.openqa.selenium.remote.HttpCommandExecutor.execute(HttpCommandExecutor.java:158)
at org.openqa.selenium.remote.service.DriverCommandExecutor.execute(DriverCommandExecutor.java:83)
at org.openqa.selenium.remote.RemoteWebDriver.execute(RemoteWebDriver.java:552)
at org.openqa.selenium.remote.RemoteWebDriver.findElement(RemoteWebDriver.java:323)
at org.openqa.selenium.remote.RemoteWebDriver.findElementByName(RemoteWebDriver.java:404)
at org.openqa.selenium.By$ByName.findElement(By.java:284)
at org.openqa.selenium.remote.RemoteWebDriver.findElement(RemoteWebDriver.java:315)
at org.openqa.selenium.support.pagefactory.DefaultElementLocator.findElement(DefaultElementLocator.java:69)
at org.openqa.selenium.support.pagefactory.internal.LocatingElementHandler.invoke(LocatingElementHandler.java:38)
at com.sun.proxy.$Proxy10.sendKeys(Unknown Source)
at com.qa.vidalhealth.Pages.LoginPage.login(LoginPage.java:40)
at com.qa.vidalhealth.TestScripts.PreauthSupportDocShortfallTest.PreauthOpenNOverrideShortfallTest(PreauthSupportDocShortfallTest.java:211)
... Removed 28 stack frames]]>
    </failure>
  </testcase> <!-- PreauthOpenNOverrideShortfallTest -->
  <testcase name="PreauthOpenNcloseShortfallTest" time="0.0" classname="com.qa.vidalhealth.TestScripts.PreauthSupportDocShortfallTest">
    <skipped/>
  </testcase> <!-- PreauthOpenNcloseShortfallTest -->
  <testcase name="PreauthOpenShortfallTest" time="0.0" classname="com.qa.vidalhealth.TestScripts.PreauthSupportDocShortfallTest">
    <skipped/>
  </testcase> <!-- PreauthOpenShortfallTest -->
  <testcase name="PreauthMultipleOpenShortfallTest" time="0.0" classname="com.qa.vidalhealth.TestScripts.PreauthSupportDocShortfallTest">
    <skipped/>
  </testcase> <!-- PreauthMultipleOpenShortfallTest -->
  <testcase name="closeShortfallTest" time="0.0" classname="com.qa.vidalhealth.TestScripts.PreauthSupportDocShortfallTest">
    <skipped/>
  </testcase> <!-- closeShortfallTest -->
  <testcase name="PreauthOpenNRespondShortfallTest" time="0.0" classname="com.qa.vidalhealth.TestScripts.PreauthSupportDocShortfallTest">
    <skipped/>
  </testcase> <!-- PreauthOpenNRespondShortfallTest -->
  <testcase name="@AfterSuite autoReport_MailTrigger" time="0.0" classname="com.qa.vidalhealth.Base.TestBase">
    <ignored/>
  </testcase> <!-- @AfterSuite autoReport_MailTrigger -->
</testsuite> <!-- Preauth-Regression-TestCase PA Shortfall -->
