<?xml version="1.0" encoding="UTF-8"?>
<!-- Generated by org.testng.reporters.JUnitXMLReporter -->
<testsuite hostname="VHT-HO-LP-227" ignored="4" name="Test2" tests="2" failures="0" timestamp="23 Apr 2021 08:12:54 GMT" time="0.033" errors="0">
  <testcase name="myTestMethod1" time="0.002" classname="com.qa.vidalhealth.sendMailWithAttachment.MyTestClass1"/>
  <testcase name="myTestMethod3" time="0.005" classname="com.qa.vidalhealth.sendMailWithAttachment.MyTestClass2"/>
  <testcase name="@AfterTest afterTest" time="0.0" classname="com.qa.vidalhealth.sendMailWithAttachment.TestNGannotations">
    <ignored/>
  </testcase> <!-- @AfterTest afterTest -->
  <testcase name="@BeforeTest beforeTest" time="0.0" classname="com.qa.vidalhealth.sendMailWithAttachment.TestNGannotations">
    <ignored/>
  </testcase> <!-- @BeforeTest beforeTest -->
  <testcase name="@AfterSuite afterSuite" time="0.0" classname="com.qa.vidalhealth.sendMailWithAttachment.TestNGannotations">
    <ignored/>
  </testcase> <!-- @AfterSuite afterSuite -->
  <testcase name="@BeforeSuite beforeSuite" time="0.0" classname="com.qa.vidalhealth.sendMailWithAttachment.TestNGannotations">
    <ignored/>
  </testcase> <!-- @BeforeSuite beforeSuite -->
</testsuite> <!-- Test2 -->
