<?xml version="1.0" encoding="UTF-8"?>
<!-- Generated by org.testng.reporters.JUnitXMLReporter -->
<testsuite hostname="VHT-HO-LP-227" ignored="0" name="LoginPage" tests="1" failures="1" timestamp="05 Mar 2020 09:20:24 GMT" time="22.972" errors="0">
  <testcase name="loginPageTitleTest" time="0.716" classname="com.qa.vidalhealth.TestScripts.LoginPageTest">
    <failure type="junit.framework.ComparisonFailure" message="expected:&amp;lt;[Vidal Health Tpa]&amp;gt; but was:&amp;lt;[Login]&amp;gt;">
      <![CDATA[junit.framework.ComparisonFailure: expected:<[Vidal Health Tpa]> but was:<[Login]>
at junit.framework.Assert.assertEquals(Assert.java:81)
at junit.framework.Assert.assertEquals(Assert.java:87)
at com.qa.vidalhealth.TestScripts.LoginPageTest.loginPageTitleTest(LoginPageTest.java:78)
... Removed 25 stack frames]]>
    </failure>
  </testcase> <!-- loginPageTitleTest -->
</testsuite> <!-- LoginPage -->
