<?xml version="1.0" encoding="UTF-8"?>
<!-- Generated by org.testng.reporters.JUnitXMLReporter -->
<testsuite hostname="VHT-HO-LP-227" ignored="6" name="Preauth-Regression-TestCase APPROVE PA" tests="4" failures="0" timestamp="05 Mar 2020 09:31:08 GMT" time="623.985" errors="0">
  <testcase name="preauthGEDTest" time="385.55" classname="com.qa.vidalhealth.TestScripts.RegularPreAuthGEDTest"/>
  <testcase name="ManualPreAuthMedicalTest" time="34.349" classname="com.qa.vidalhealth.TestScripts.PreAuthMedicalTest"/>
  <testcase name="PreauthTariffTest" time="34.277" classname="com.qa.vidalhealth.TestScripts.PreauthTariffTest"/>
  <testcase name="approve_PreauthAuthorisationTest" time="89.899" classname="com.qa.vidalhealth.TestScripts.PreauthAuthorisationTest"/>
  <testcase name="requiredInformation_PreauthAuthorisationTest" time="0.0" classname="com.qa.vidalhealth.TestScripts.PreauthAuthorisationTest">
    <ignored/>
  </testcase> <!-- requiredInformation_PreauthAuthorisationTest -->
  <testcase name="@AfterSuite autoReport_MailTrigger" time="0.0" classname="com.qa.vidalhealth.Base.TestBase">
    <ignored/>
  </testcase> <!-- @AfterSuite autoReport_MailTrigger -->
  <testcase name="@AfterSuite autoReport_MailTrigger" time="0.0" classname="com.qa.vidalhealth.Base.TestBase">
    <ignored/>
  </testcase> <!-- @AfterSuite autoReport_MailTrigger -->
  <testcase name="@AfterSuite autoReport_MailTrigger" time="0.0" classname="com.qa.vidalhealth.Base.TestBase">
    <ignored/>
  </testcase> <!-- @AfterSuite autoReport_MailTrigger -->
  <testcase name="approve_PreauthAuthorisationTest_withoutResolveDiscrepancies" time="0.0" classname="com.qa.vidalhealth.TestScripts.PreauthAuthorisationTest">
    <ignored/>
  </testcase> <!-- approve_PreauthAuthorisationTest_withoutResolveDiscrepancies -->
  <testcase name="reject_PreauthAuthorisationTest" time="0.0" classname="com.qa.vidalhealth.TestScripts.PreauthAuthorisationTest">
    <ignored/>
  </testcase> <!-- reject_PreauthAuthorisationTest -->
</testsuite> <!-- Preauth-Regression-TestCase APPROVE PA -->
